c:\users\yangluwei\source\repos\calendar\calendar\x64\release\uic\ui_calendar.h
c:\users\yangluwei\source\repos\calendar\calendar\x64\release\uic\ui_calendar_team.h
c:\users\yangluwei\source\repos\calendar\calendar\x64\release\uic\ui_reg_n_login.h
c:\users\yangluwei\source\repos\calendar\calendar\x64\release\uic\ui_team_mng.h
c:\users\yangluwei\source\repos\calendar\calendar\x64\release\uic\ui_todowidget.h
c:\users\yangluwei\source\repos\calendar\calendar\x64\release\rcc\qrc_calendar.cpp
c:\users\yangluwei\source\repos\calendar\calendar\x64\release\moc\moc_calendar.cpp
c:\users\yangluwei\source\repos\calendar\calendar\x64\release\moc\moc_bridge.cpp
c:\users\yangluwei\source\repos\calendar\calendar\x64\release\moc\moc_calendar_team.cpp
c:\users\yangluwei\source\repos\calendar\calendar\x64\release\moc\moc_team_mng.cpp
c:\users\yangluwei\source\repos\calendar\calendar\x64\release\moc\moc_todo_team.cpp
c:\users\yangluwei\source\repos\calendar\calendar\x64\release\moc\moc_tsplan.cpp
c:\users\yangluwei\source\repos\calendar\calendar\x64\release\moc\moc_reg_n_login.cpp
c:\users\yangluwei\source\repos\calendar\calendar\x64\release\moc\moc_todowidget.cpp
c:\users\yangluwei\source\repos\calendar\calendar\x64\release\decision_make.obj
c:\users\yangluwei\source\repos\calendar\calendar\x64\release\team_mng.obj
c:\users\yangluwei\source\repos\calendar\calendar\x64\release\todo_team.obj
c:\users\yangluwei\source\repos\calendar\calendar\x64\release\tsplan.obj
c:\users\yangluwei\source\repos\calendar\calendar\x64\release\calendar_team.obj
c:\users\yangluwei\source\repos\calendar\calendar\x64\release\bridge.obj
c:\users\yangluwei\source\repos\calendar\calendar\x64\release\date.obj
c:\users\yangluwei\source\repos\calendar\calendar\x64\release\main.obj
c:\users\yangluwei\source\repos\calendar\calendar\x64\release\reg_n_login.obj
c:\users\yangluwei\source\repos\calendar\calendar\x64\release\calendar.obj
c:\users\yangluwei\source\repos\calendar\calendar\x64\release\todowidget.obj
c:\users\yangluwei\source\repos\calendar\calendar\x64\release\usr_mng.obj
c:\users\yangluwei\source\repos\calendar\calendar\x64\release\moc_team_mng.obj
c:\users\yangluwei\source\repos\calendar\calendar\x64\release\moc_bridge.obj
c:\users\yangluwei\source\repos\calendar\calendar\x64\release\moc_todo_team.obj
c:\users\yangluwei\source\repos\calendar\calendar\x64\release\moc_reg_n_login.obj
c:\users\yangluwei\source\repos\calendar\calendar\x64\release\moc_tsplan.obj
c:\users\yangluwei\source\repos\calendar\calendar\x64\release\qrc_calendar.obj
c:\users\yangluwei\source\repos\calendar\calendar\x64\release\moc_calendar.obj
c:\users\yangluwei\source\repos\calendar\calendar\x64\release\moc_calendar_team.obj
c:\users\yangluwei\source\repos\calendar\calendar\x64\release\moc_todowidget.obj
c:\users\yangluwei\source\repos\calendar\x64\release\calendar.exe
c:\users\yangluwei\source\repos\calendar\calendar\x64\release\calendar.tlog\calendar.write.1u.tlog
c:\users\yangluwei\source\repos\calendar\calendar\x64\release\calendar.tlog\cl.command.1.tlog
c:\users\yangluwei\source\repos\calendar\calendar\x64\release\calendar.tlog\cl.read.1.tlog
c:\users\yangluwei\source\repos\calendar\calendar\x64\release\calendar.tlog\cl.write.1.tlog
c:\users\yangluwei\source\repos\calendar\calendar\x64\release\calendar.tlog\link-cvtres.read.1.tlog
c:\users\yangluwei\source\repos\calendar\calendar\x64\release\calendar.tlog\link-cvtres.write.1.tlog
c:\users\yangluwei\source\repos\calendar\calendar\x64\release\calendar.tlog\link-rc.read.1.tlog
c:\users\yangluwei\source\repos\calendar\calendar\x64\release\calendar.tlog\link-rc.write.1.tlog
c:\users\yangluwei\source\repos\calendar\calendar\x64\release\calendar.tlog\link.command.1.tlog
c:\users\yangluwei\source\repos\calendar\calendar\x64\release\calendar.tlog\link.read.1.tlog
c:\users\yangluwei\source\repos\calendar\calendar\x64\release\calendar.tlog\link.write.1.tlog
c:\users\yangluwei\source\repos\calendar\calendar\x64\release\calendar.tlog\moc.read.1u.tlog
c:\users\yangluwei\source\repos\calendar\calendar\x64\release\calendar.tlog\moc.write.1u.tlog
c:\users\yangluwei\source\repos\calendar\calendar\x64\release\calendar.tlog\rcc.read.1u.tlog
c:\users\yangluwei\source\repos\calendar\calendar\x64\release\calendar.tlog\rcc.write.1u.tlog
c:\users\yangluwei\source\repos\calendar\calendar\x64\release\calendar.tlog\uic.read.1u.tlog
c:\users\yangluwei\source\repos\calendar\calendar\x64\release\calendar.tlog\uic.write.1u.tlog
