c:\users\yangluwei\source\repos\calendar\calendar\x64\debug\uic\ui_calendar.h
c:\users\yangluwei\source\repos\calendar\calendar\x64\debug\uic\ui_calendar_team.h
c:\users\yangluwei\source\repos\calendar\calendar\x64\debug\uic\ui_reg_n_login.h
c:\users\yangluwei\source\repos\calendar\calendar\x64\debug\uic\ui_team_mng.h
c:\users\yangluwei\source\repos\calendar\calendar\x64\debug\uic\ui_todowidget.h
c:\users\yangluwei\source\repos\calendar\calendar\x64\debug\rcc\qrc_calendar.cpp
c:\users\yangluwei\source\repos\calendar\calendar\x64\debug\moc\moc_calendar.cpp
c:\users\yangluwei\source\repos\calendar\calendar\x64\debug\moc\moc_bridge.cpp
c:\users\yangluwei\source\repos\calendar\calendar\x64\debug\moc\moc_calendar_team.cpp
c:\users\yangluwei\source\repos\calendar\calendar\x64\debug\moc\moc_team_mng.cpp
c:\users\yangluwei\source\repos\calendar\calendar\x64\debug\moc\moc_todo_team.cpp
c:\users\yangluwei\source\repos\calendar\calendar\x64\debug\moc\moc_reg_n_login.cpp
c:\users\yangluwei\source\repos\calendar\calendar\x64\debug\moc\moc_todowidget.cpp
c:\users\yangluwei\source\repos\calendar\x64\debug\qt6qmlmodelsd.dll
c:\users\yangluwei\source\repos\calendar\x64\debug\qt6cored.dll
c:\users\yangluwei\source\repos\calendar\x64\debug\qt6guid.dll
c:\users\yangluwei\source\repos\calendar\x64\debug\qt6networkd.dll
c:\users\yangluwei\source\repos\calendar\x64\debug\qt6opengld.dll
c:\users\yangluwei\source\repos\calendar\x64\debug\qt6positioningd.dll
c:\users\yangluwei\source\repos\calendar\x64\debug\qt6printsupportd.dll
c:\users\yangluwei\source\repos\calendar\x64\debug\qt6qmld.dll
c:\users\yangluwei\source\repos\calendar\x64\debug\qt6quickd.dll
c:\users\yangluwei\source\repos\calendar\x64\debug\qt6quickwidgetsd.dll
c:\users\yangluwei\source\repos\calendar\x64\debug\qt6serialportd.dll
c:\users\yangluwei\source\repos\calendar\x64\debug\qt6svgd.dll
c:\users\yangluwei\source\repos\calendar\x64\debug\qt6widgetsd.dll
c:\users\yangluwei\source\repos\calendar\x64\debug\qt6webenginecored.dll
c:\users\yangluwei\source\repos\calendar\x64\debug\qt6webenginewidgetsd.dll
c:\users\yangluwei\source\repos\calendar\x64\debug\qt6webchanneld.dll
c:\users\yangluwei\source\repos\calendar\x64\debug\opengl32sw.dll
c:\users\yangluwei\source\repos\calendar\x64\debug\d3dcompiler_47.dll
c:\users\yangluwei\source\repos\calendar\x64\debug\iconengines\qsvgicond.dll
c:\users\yangluwei\source\repos\calendar\x64\debug\imageformats\qgifd.dll
c:\users\yangluwei\source\repos\calendar\x64\debug\imageformats\qicnsd.dll
c:\users\yangluwei\source\repos\calendar\x64\debug\imageformats\qicod.dll
c:\users\yangluwei\source\repos\calendar\x64\debug\imageformats\qjpegd.dll
c:\users\yangluwei\source\repos\calendar\x64\debug\imageformats\qsvgd.dll
c:\users\yangluwei\source\repos\calendar\x64\debug\imageformats\qtgad.dll
c:\users\yangluwei\source\repos\calendar\x64\debug\imageformats\qtiffd.dll
c:\users\yangluwei\source\repos\calendar\x64\debug\imageformats\qwbmpd.dll
c:\users\yangluwei\source\repos\calendar\x64\debug\imageformats\qwebpd.dll
c:\users\yangluwei\source\repos\calendar\x64\debug\networkinformation\qnetworklistmanagerd.dll
c:\users\yangluwei\source\repos\calendar\x64\debug\platforms\qwindowsd.dll
c:\users\yangluwei\source\repos\calendar\x64\debug\position\qtposition_nmead.dll
c:\users\yangluwei\source\repos\calendar\x64\debug\position\qtposition_positionpolld.dll
c:\users\yangluwei\source\repos\calendar\x64\debug\position\qtposition_winrtd.dll
c:\users\yangluwei\source\repos\calendar\x64\debug\styles\qwindowsvistastyled.dll
c:\users\yangluwei\source\repos\calendar\x64\debug\tls\qcertonlybackendd.dll
c:\users\yangluwei\source\repos\calendar\x64\debug\tls\qopensslbackendd.dll
c:\users\yangluwei\source\repos\calendar\x64\debug\tls\qschannelbackendd.dll
c:\users\yangluwei\source\repos\calendar\x64\debug\translations\qt_ar.qm
c:\users\yangluwei\source\repos\calendar\x64\debug\translations\qt_bg.qm
c:\users\yangluwei\source\repos\calendar\x64\debug\translations\qt_ca.qm
c:\users\yangluwei\source\repos\calendar\x64\debug\translations\qt_cs.qm
c:\users\yangluwei\source\repos\calendar\x64\debug\translations\qt_da.qm
c:\users\yangluwei\source\repos\calendar\x64\debug\translations\qt_de.qm
c:\users\yangluwei\source\repos\calendar\x64\debug\translations\qt_en.qm
c:\users\yangluwei\source\repos\calendar\x64\debug\translations\qt_es.qm
c:\users\yangluwei\source\repos\calendar\x64\debug\translations\qt_fa.qm
c:\users\yangluwei\source\repos\calendar\x64\debug\translations\qt_fi.qm
c:\users\yangluwei\source\repos\calendar\x64\debug\translations\qt_fr.qm
c:\users\yangluwei\source\repos\calendar\x64\debug\translations\qt_gd.qm
c:\users\yangluwei\source\repos\calendar\x64\debug\translations\qt_he.qm
c:\users\yangluwei\source\repos\calendar\x64\debug\translations\qt_hr.qm
c:\users\yangluwei\source\repos\calendar\x64\debug\translations\qt_hu.qm
c:\users\yangluwei\source\repos\calendar\x64\debug\translations\qt_it.qm
c:\users\yangluwei\source\repos\calendar\x64\debug\translations\qt_ja.qm
c:\users\yangluwei\source\repos\calendar\x64\debug\translations\qt_ko.qm
c:\users\yangluwei\source\repos\calendar\x64\debug\translations\qt_lv.qm
c:\users\yangluwei\source\repos\calendar\x64\debug\translations\qt_nl.qm
c:\users\yangluwei\source\repos\calendar\x64\debug\translations\qt_nn.qm
c:\users\yangluwei\source\repos\calendar\x64\debug\translations\qt_pl.qm
c:\users\yangluwei\source\repos\calendar\x64\debug\translations\qt_pt_br.qm
c:\users\yangluwei\source\repos\calendar\x64\debug\translations\qt_ru.qm
c:\users\yangluwei\source\repos\calendar\x64\debug\translations\qt_sk.qm
c:\users\yangluwei\source\repos\calendar\x64\debug\translations\qt_tr.qm
c:\users\yangluwei\source\repos\calendar\x64\debug\translations\qt_uk.qm
c:\users\yangluwei\source\repos\calendar\x64\debug\translations\qt_zh_cn.qm
c:\users\yangluwei\source\repos\calendar\x64\debug\translations\qt_zh_tw.qm
c:\users\yangluwei\source\repos\calendar\x64\debug\qtwebengineprocessd.exe
c:\users\yangluwei\source\repos\calendar\x64\debug\resources\icudtl.dat
c:\users\yangluwei\source\repos\calendar\x64\debug\resources\qtwebengine_devtools_resources.pak
c:\users\yangluwei\source\repos\calendar\x64\debug\resources\qtwebengine_resources.pak
c:\users\yangluwei\source\repos\calendar\x64\debug\resources\qtwebengine_resources_100p.pak
c:\users\yangluwei\source\repos\calendar\x64\debug\resources\qtwebengine_resources_200p.pak
c:\users\yangluwei\source\repos\calendar\x64\debug\translations\qtwebengine_locales\am.pak
c:\users\yangluwei\source\repos\calendar\x64\debug\translations\qtwebengine_locales\ar.pak
c:\users\yangluwei\source\repos\calendar\x64\debug\translations\qtwebengine_locales\bg.pak
c:\users\yangluwei\source\repos\calendar\x64\debug\translations\qtwebengine_locales\bn.pak
c:\users\yangluwei\source\repos\calendar\x64\debug\translations\qtwebengine_locales\ca.pak
c:\users\yangluwei\source\repos\calendar\x64\debug\translations\qtwebengine_locales\cs.pak
c:\users\yangluwei\source\repos\calendar\x64\debug\translations\qtwebengine_locales\da.pak
c:\users\yangluwei\source\repos\calendar\x64\debug\translations\qtwebengine_locales\de.pak
c:\users\yangluwei\source\repos\calendar\x64\debug\translations\qtwebengine_locales\el.pak
c:\users\yangluwei\source\repos\calendar\x64\debug\translations\qtwebengine_locales\en-gb.pak
c:\users\yangluwei\source\repos\calendar\x64\debug\translations\qtwebengine_locales\en-us.pak
c:\users\yangluwei\source\repos\calendar\x64\debug\translations\qtwebengine_locales\es-419.pak
c:\users\yangluwei\source\repos\calendar\x64\debug\translations\qtwebengine_locales\es.pak
c:\users\yangluwei\source\repos\calendar\x64\debug\translations\qtwebengine_locales\et.pak
c:\users\yangluwei\source\repos\calendar\x64\debug\translations\qtwebengine_locales\fa.pak
c:\users\yangluwei\source\repos\calendar\x64\debug\translations\qtwebengine_locales\fi.pak
c:\users\yangluwei\source\repos\calendar\x64\debug\translations\qtwebengine_locales\fil.pak
c:\users\yangluwei\source\repos\calendar\x64\debug\translations\qtwebengine_locales\fr.pak
c:\users\yangluwei\source\repos\calendar\x64\debug\translations\qtwebengine_locales\gu.pak
c:\users\yangluwei\source\repos\calendar\x64\debug\translations\qtwebengine_locales\he.pak
c:\users\yangluwei\source\repos\calendar\x64\debug\translations\qtwebengine_locales\hi.pak
c:\users\yangluwei\source\repos\calendar\x64\debug\translations\qtwebengine_locales\hr.pak
c:\users\yangluwei\source\repos\calendar\x64\debug\translations\qtwebengine_locales\hu.pak
c:\users\yangluwei\source\repos\calendar\x64\debug\translations\qtwebengine_locales\id.pak
c:\users\yangluwei\source\repos\calendar\x64\debug\translations\qtwebengine_locales\it.pak
c:\users\yangluwei\source\repos\calendar\x64\debug\translations\qtwebengine_locales\ja.pak
c:\users\yangluwei\source\repos\calendar\x64\debug\translations\qtwebengine_locales\kn.pak
c:\users\yangluwei\source\repos\calendar\x64\debug\translations\qtwebengine_locales\ko.pak
c:\users\yangluwei\source\repos\calendar\x64\debug\translations\qtwebengine_locales\lt.pak
c:\users\yangluwei\source\repos\calendar\x64\debug\translations\qtwebengine_locales\lv.pak
c:\users\yangluwei\source\repos\calendar\x64\debug\translations\qtwebengine_locales\ml.pak
c:\users\yangluwei\source\repos\calendar\x64\debug\translations\qtwebengine_locales\mr.pak
c:\users\yangluwei\source\repos\calendar\x64\debug\translations\qtwebengine_locales\ms.pak
c:\users\yangluwei\source\repos\calendar\x64\debug\translations\qtwebengine_locales\nb.pak
c:\users\yangluwei\source\repos\calendar\x64\debug\translations\qtwebengine_locales\nl.pak
c:\users\yangluwei\source\repos\calendar\x64\debug\translations\qtwebengine_locales\pl.pak
c:\users\yangluwei\source\repos\calendar\x64\debug\translations\qtwebengine_locales\pt-br.pak
c:\users\yangluwei\source\repos\calendar\x64\debug\translations\qtwebengine_locales\pt-pt.pak
c:\users\yangluwei\source\repos\calendar\x64\debug\translations\qtwebengine_locales\ro.pak
c:\users\yangluwei\source\repos\calendar\x64\debug\translations\qtwebengine_locales\ru.pak
c:\users\yangluwei\source\repos\calendar\x64\debug\translations\qtwebengine_locales\sk.pak
c:\users\yangluwei\source\repos\calendar\x64\debug\translations\qtwebengine_locales\sl.pak
c:\users\yangluwei\source\repos\calendar\x64\debug\translations\qtwebengine_locales\sr.pak
c:\users\yangluwei\source\repos\calendar\x64\debug\translations\qtwebengine_locales\sv.pak
c:\users\yangluwei\source\repos\calendar\x64\debug\translations\qtwebengine_locales\sw.pak
c:\users\yangluwei\source\repos\calendar\x64\debug\translations\qtwebengine_locales\ta.pak
c:\users\yangluwei\source\repos\calendar\x64\debug\translations\qtwebengine_locales\te.pak
c:\users\yangluwei\source\repos\calendar\x64\debug\translations\qtwebengine_locales\th.pak
c:\users\yangluwei\source\repos\calendar\x64\debug\translations\qtwebengine_locales\tr.pak
c:\users\yangluwei\source\repos\calendar\x64\debug\translations\qtwebengine_locales\uk.pak
c:\users\yangluwei\source\repos\calendar\x64\debug\translations\qtwebengine_locales\vi.pak
c:\users\yangluwei\source\repos\calendar\x64\debug\translations\qtwebengine_locales\zh-cn.pak
c:\users\yangluwei\source\repos\calendar\x64\debug\translations\qtwebengine_locales\zh-tw.pak
c:\users\yangluwei\source\repos\calendar\calendar\x64\debug\windeployqt.log
c:\users\yangluwei\source\repos\calendar\calendar\x64\debug\moc\moc_tsplan.cpp
c:\users\yangluwei\source\repos\calendar\calendar\x64\debug\bridge.obj
c:\users\yangluwei\source\repos\calendar\calendar\x64\debug\team_mng.obj
c:\users\yangluwei\source\repos\calendar\calendar\x64\debug\usr_mng.obj
c:\users\yangluwei\source\repos\calendar\calendar\x64\debug\decision_make.obj
c:\users\yangluwei\source\repos\calendar\calendar\x64\debug\calendar_team.obj
c:\users\yangluwei\source\repos\calendar\calendar\x64\debug\todo_team.obj
c:\users\yangluwei\source\repos\calendar\calendar\x64\debug\main.obj
c:\users\yangluwei\source\repos\calendar\calendar\x64\debug\date.obj
c:\users\yangluwei\source\repos\calendar\calendar\x64\debug\reg_n_login.obj
c:\users\yangluwei\source\repos\calendar\calendar\x64\debug\calendar.obj
c:\users\yangluwei\source\repos\calendar\calendar\x64\debug\todowidget.obj
c:\users\yangluwei\source\repos\calendar\calendar\x64\debug\tsplan.obj
c:\users\yangluwei\source\repos\calendar\calendar\x64\debug\vc143.pdb
c:\users\yangluwei\source\repos\calendar\calendar\x64\debug\moc_reg_n_login.obj
c:\users\yangluwei\source\repos\calendar\calendar\x64\debug\moc_todo_team.obj
c:\users\yangluwei\source\repos\calendar\calendar\x64\debug\moc_calendar_team.obj
c:\users\yangluwei\source\repos\calendar\calendar\x64\debug\moc_calendar.obj
c:\users\yangluwei\source\repos\calendar\calendar\x64\debug\moc_todowidget.obj
c:\users\yangluwei\source\repos\calendar\calendar\x64\debug\moc_team_mng.obj
c:\users\yangluwei\source\repos\calendar\calendar\x64\debug\qrc_calendar.obj
c:\users\yangluwei\source\repos\calendar\calendar\x64\debug\moc_bridge.obj
c:\users\yangluwei\source\repos\calendar\calendar\x64\debug\moc_tsplan.obj
c:\users\yangluwei\source\repos\calendar\x64\debug\calendar.exe
c:\users\yangluwei\source\repos\calendar\x64\debug\calendar.ilk
c:\users\yangluwei\source\repos\calendar\x64\debug\calendar.pdb
c:\users\yangluwei\source\repos\calendar\calendar\x64\debug\calendar.tlog\calendar.write.1u.tlog
c:\users\yangluwei\source\repos\calendar\calendar\x64\debug\calendar.tlog\cl.command.1.tlog
c:\users\yangluwei\source\repos\calendar\calendar\x64\debug\calendar.tlog\cl.read.1.tlog
c:\users\yangluwei\source\repos\calendar\calendar\x64\debug\calendar.tlog\cl.write.1.tlog
c:\users\yangluwei\source\repos\calendar\calendar\x64\debug\calendar.tlog\link.command.1.tlog
c:\users\yangluwei\source\repos\calendar\calendar\x64\debug\calendar.tlog\link.read.1.tlog
c:\users\yangluwei\source\repos\calendar\calendar\x64\debug\calendar.tlog\link.write.1.tlog
c:\users\yangluwei\source\repos\calendar\calendar\x64\debug\calendar.tlog\moc.read.1u.tlog
c:\users\yangluwei\source\repos\calendar\calendar\x64\debug\calendar.tlog\moc.write.1u.tlog
c:\users\yangluwei\source\repos\calendar\calendar\x64\debug\calendar.tlog\rcc.read.1u.tlog
c:\users\yangluwei\source\repos\calendar\calendar\x64\debug\calendar.tlog\rcc.write.1u.tlog
c:\users\yangluwei\source\repos\calendar\calendar\x64\debug\calendar.tlog\uic.read.1u.tlog
c:\users\yangluwei\source\repos\calendar\calendar\x64\debug\calendar.tlog\uic.write.1u.tlog
c:\users\yangluwei\source\repos\calendar\calendar\x64\debug\calendar.tlog\windeployqt.read.1u.tlog
c:\users\yangluwei\source\repos\calendar\calendar\x64\debug\calendar.tlog\windeployqt.write.1u.tlog
