  calendar.cpp
C:\Users\yangluwei\source\repos\calendar\calendar\struct.h(1,1): warning C4828: 文件包含在偏移 0x67 处开始的字符，该字符在当前源字符集中无效(代码页 65001)。
C:\Users\yangluwei\source\repos\calendar\calendar\struct.h(1,1): warning C4828: 文件包含在偏移 0x6b 处开始的字符，该字符在当前源字符集中无效(代码页 65001)。
C:\Users\yangluwei\source\repos\calendar\calendar\struct.h(1,1): warning C4828: 文件包含在偏移 0x6d 处开始的字符，该字符在当前源字符集中无效(代码页 65001)。
C:\Users\yangluwei\source\repos\calendar\calendar\struct.h(1,1): warning C4828: 文件包含在偏移 0x6e 处开始的字符，该字符在当前源字符集中无效(代码页 65001)。
C:\Users\yangluwei\source\repos\calendar\calendar\struct.h(1,1): warning C4828: 文件包含在偏移 0x70 处开始的字符，该字符在当前源字符集中无效(代码页 65001)。
C:\Users\yangluwei\source\repos\calendar\calendar\struct.h(1,1): warning C4828: 文件包含在偏移 0x71 处开始的字符，该字符在当前源字符集中无效(代码页 65001)。
C:\Users\yangluwei\source\repos\calendar\calendar\struct.h(1,1): warning C4828: 文件包含在偏移 0x73 处开始的字符，该字符在当前源字符集中无效(代码页 65001)。
C:\Users\yangluwei\source\repos\calendar\calendar\struct.h(1,1): warning C4828: 文件包含在偏移 0x75 处开始的字符，该字符在当前源字符集中无效(代码页 65001)。
C:\Users\yangluwei\source\repos\calendar\calendar\struct.h(1,1): warning C4828: 文件包含在偏移 0x77 处开始的字符，该字符在当前源字符集中无效(代码页 65001)。
C:\Users\yangluwei\source\repos\calendar\calendar\struct.h(1,1): warning C4828: 文件包含在偏移 0x78 处开始的字符，该字符在当前源字符集中无效(代码页 65001)。
C:\Users\yangluwei\source\repos\calendar\calendar\struct.h(1,1): warning C4828: 文件包含在偏移 0x79 处开始的字符，该字符在当前源字符集中无效(代码页 65001)。
C:\Users\yangluwei\source\repos\calendar\calendar\struct.h(1,1): warning C4828: 文件包含在偏移 0x7b 处开始的字符，该字符在当前源字符集中无效(代码页 65001)。
C:\Users\yangluwei\source\repos\calendar\calendar\struct.h(1,1): warning C4828: 文件包含在偏移 0x7d 处开始的字符，该字符在当前源字符集中无效(代码页 65001)。
C:\Users\yangluwei\source\repos\calendar\calendar\struct.h(1,1): warning C4828: 文件包含在偏移 0x7e 处开始的字符，该字符在当前源字符集中无效(代码页 65001)。
C:\Users\yangluwei\source\repos\calendar\calendar\struct.h(1,1): warning C4828: 文件包含在偏移 0x7f 处开始的字符，该字符在当前源字符集中无效(代码页 65001)。
C:\Users\yangluwei\source\repos\calendar\calendar\struct.h(1,1): warning C4828: 文件包含在偏移 0x83 处开始的字符，该字符在当前源字符集中无效(代码页 65001)。
C:\Users\yangluwei\source\repos\calendar\calendar\struct.h(1,1): warning C4828: 文件包含在偏移 0x85 处开始的字符，该字符在当前源字符集中无效(代码页 65001)。
C:\Users\yangluwei\source\repos\calendar\calendar\struct.h(1,1): warning C4828: 文件包含在偏移 0x87 处开始的字符，该字符在当前源字符集中无效(代码页 65001)。
C:\Users\yangluwei\source\repos\calendar\calendar\struct.h(1,1): warning C4828: 文件包含在偏移 0x88 处开始的字符，该字符在当前源字符集中无效(代码页 65001)。
C:\Users\yangluwei\source\repos\calendar\calendar\struct.h(1,1): warning C4828: 文件包含在偏移 0x89 处开始的字符，该字符在当前源字符集中无效(代码页 65001)。
C:\Users\yangluwei\source\repos\calendar\calendar\struct.h(1,1): warning C4828: 文件包含在偏移 0x8a 处开始的字符，该字符在当前源字符集中无效(代码页 65001)。
C:\Users\yangluwei\source\repos\calendar\calendar\struct.h(1,1): warning C4828: 文件包含在偏移 0x8f 处开始的字符，该字符在当前源字符集中无效(代码页 65001)。
C:\Users\yangluwei\source\repos\calendar\calendar\struct.h(1,1): warning C4828: 文件包含在偏移 0x93 处开始的字符，该字符在当前源字符集中无效(代码页 65001)。
C:\Users\yangluwei\source\repos\calendar\calendar\struct.h(1,1): warning C4828: 文件包含在偏移 0x94 处开始的字符，该字符在当前源字符集中无效(代码页 65001)。
C:\Users\yangluwei\source\repos\calendar\calendar\struct.h(1,1): warning C4828: 文件包含在偏移 0x96 处开始的字符，该字符在当前源字符集中无效(代码页 65001)。
C:\Users\yangluwei\source\repos\calendar\calendar\struct.h(1,1): warning C4828: 文件包含在偏移 0x10c 处开始的字符，该字符在当前源字符集中无效(代码页 65001)。
C:\Users\yangluwei\source\repos\calendar\calendar\struct.h(1,1): warning C4828: 文件包含在偏移 0x10d 处开始的字符，该字符在当前源字符集中无效(代码页 65001)。
C:\Users\yangluwei\source\repos\calendar\calendar\struct.h(1,1): warning C4828: 文件包含在偏移 0x110 处开始的字符，该字符在当前源字符集中无效(代码页 65001)。
C:\Users\yangluwei\source\repos\calendar\calendar\struct.h(1,1): warning C4828: 文件包含在偏移 0x112 处开始的字符，该字符在当前源字符集中无效(代码页 65001)。
C:\Users\yangluwei\source\repos\calendar\calendar\struct.h(1,1): warning C4828: 文件包含在偏移 0x113 处开始的字符，该字符在当前源字符集中无效(代码页 65001)。
C:\Users\yangluwei\source\repos\calendar\calendar\struct.h(1,1): warning C4828: 文件包含在偏移 0x114 处开始的字符，该字符在当前源字符集中无效(代码页 65001)。
C:\Users\yangluwei\source\repos\calendar\calendar\struct.h(1,1): warning C4828: 文件包含在偏移 0x115 处开始的字符，该字符在当前源字符集中无效(代码页 65001)。
C:\Users\yangluwei\source\repos\calendar\calendar\struct.h(1,1): warning C4828: 文件包含在偏移 0x116 处开始的字符，该字符在当前源字符集中无效(代码页 65001)。
C:\Users\yangluwei\source\repos\calendar\calendar\struct.h(1,1): warning C4828: 文件包含在偏移 0x117 处开始的字符，该字符在当前源字符集中无效(代码页 65001)。
C:\Users\yangluwei\source\repos\calendar\calendar\struct.h(1,1): warning C4828: 文件包含在偏移 0x118 处开始的字符，该字符在当前源字符集中无效(代码页 65001)。
C:\Users\yangluwei\source\repos\calendar\calendar\struct.h(1,1): warning C4828: 文件包含在偏移 0x119 处开始的字符，该字符在当前源字符集中无效(代码页 65001)。
C:\Users\yangluwei\source\repos\calendar\calendar\struct.h(1,1): warning C4828: 文件包含在偏移 0x11d 处开始的字符，该字符在当前源字符集中无效(代码页 65001)。
C:\Users\yangluwei\source\repos\calendar\calendar\struct.h(1,1): warning C4828: 文件包含在偏移 0x11f 处开始的字符，该字符在当前源字符集中无效(代码页 65001)。
C:\Users\yangluwei\source\repos\calendar\calendar\struct.h(1,1): warning C4828: 文件包含在偏移 0x121 处开始的字符，该字符在当前源字符集中无效(代码页 65001)。
C:\Users\yangluwei\source\repos\calendar\calendar\struct.h(1,1): warning C4828: 文件包含在偏移 0x122 处开始的字符，该字符在当前源字符集中无效(代码页 65001)。
C:\Users\yangluwei\source\repos\calendar\calendar\struct.h(1,1): warning C4828: 文件包含在偏移 0x123 处开始的字符，该字符在当前源字符集中无效(代码页 65001)。
C:\Users\yangluwei\source\repos\calendar\calendar\struct.h(1,1): warning C4828: 文件包含在偏移 0x127 处开始的字符，该字符在当前源字符集中无效(代码页 65001)。
C:\Users\yangluwei\source\repos\calendar\calendar\struct.h(1,1): warning C4828: 文件包含在偏移 0x151 处开始的字符，该字符在当前源字符集中无效(代码页 65001)。
C:\Users\yangluwei\source\repos\calendar\calendar\struct.h(1,1): warning C4828: 文件包含在偏移 0x152 处开始的字符，该字符在当前源字符集中无效(代码页 65001)。
C:\Users\yangluwei\source\repos\calendar\calendar\struct.h(1,1): warning C4828: 文件包含在偏移 0x155 处开始的字符，该字符在当前源字符集中无效(代码页 65001)。
C:\Users\yangluwei\source\repos\calendar\calendar\struct.h(1,1): warning C4828: 文件包含在偏移 0x157 处开始的字符，该字符在当前源字符集中无效(代码页 65001)。
C:\Users\yangluwei\source\repos\calendar\calendar\struct.h(1,1): warning C4828: 文件包含在偏移 0x158 处开始的字符，该字符在当前源字符集中无效(代码页 65001)。
C:\Users\yangluwei\source\repos\calendar\calendar\struct.h(1,1): warning C4828: 文件包含在偏移 0x159 处开始的字符，该字符在当前源字符集中无效(代码页 65001)。
C:\Users\yangluwei\source\repos\calendar\calendar\struct.h(1,1): warning C4828: 文件包含在偏移 0x15b 处开始的字符，该字符在当前源字符集中无效(代码页 65001)。
C:\Users\yangluwei\source\repos\calendar\calendar\struct.h(1,1): warning C4828: 文件包含在偏移 0x15d 处开始的字符，该字符在当前源字符集中无效(代码页 65001)。
C:\Users\yangluwei\source\repos\calendar\calendar\struct.h(1,1): warning C4828: 文件包含在偏移 0x15e 处开始的字符，该字符在当前源字符集中无效(代码页 65001)。
C:\Users\yangluwei\source\repos\calendar\calendar\struct.h(1,1): warning C4828: 文件包含在偏移 0x162 处开始的字符，该字符在当前源字符集中无效(代码页 65001)。
C:\Users\yangluwei\source\repos\calendar\calendar\struct.h(1,1): warning C4828: 文件包含在偏移 0x164 处开始的字符，该字符在当前源字符集中无效(代码页 65001)。
C:\Users\yangluwei\source\repos\calendar\calendar\struct.h(1,1): warning C4828: 文件包含在偏移 0x166 处开始的字符，该字符在当前源字符集中无效(代码页 65001)。
C:\Users\yangluwei\source\repos\calendar\calendar\struct.h(1,1): warning C4828: 文件包含在偏移 0x167 处开始的字符，该字符在当前源字符集中无效(代码页 65001)。
C:\Users\yangluwei\source\repos\calendar\calendar\struct.h(1,1): warning C4828: 文件包含在偏移 0x168 处开始的字符，该字符在当前源字符集中无效(代码页 65001)。
C:\Users\yangluwei\source\repos\calendar\calendar\struct.h(1,1): warning C4828: 文件包含在偏移 0x16c 处开始的字符，该字符在当前源字符集中无效(代码页 65001)。
C:\Users\yangluwei\source\repos\calendar\calendar\struct.h(1,1): warning C4828: 文件包含在偏移 0x20f 处开始的字符，该字符在当前源字符集中无效(代码页 65001)。
C:\Users\yangluwei\source\repos\calendar\calendar\struct.h(1,1): warning C4828: 文件包含在偏移 0x211 处开始的字符，该字符在当前源字符集中无效(代码页 65001)。
C:\Users\yangluwei\source\repos\calendar\calendar\struct.h(1,1): warning C4828: 文件包含在偏移 0x212 处开始的字符，该字符在当前源字符集中无效(代码页 65001)。
C:\Users\yangluwei\source\repos\calendar\calendar\struct.h(1,1): warning C4828: 文件包含在偏移 0x216 处开始的字符，该字符在当前源字符集中无效(代码页 65001)。
C:\Users\yangluwei\source\repos\calendar\calendar\struct.h(1,1): warning C4828: 文件包含在偏移 0x217 处开始的字符，该字符在当前源字符集中无效(代码页 65001)。
C:\Users\yangluwei\source\repos\calendar\calendar\struct.h(1,1): warning C4828: 文件包含在偏移 0x218 处开始的字符，该字符在当前源字符集中无效(代码页 65001)。
C:\Users\yangluwei\source\repos\calendar\calendar\struct.h(1,1): warning C4828: 文件包含在偏移 0x21b 处开始的字符，该字符在当前源字符集中无效(代码页 65001)。
C:\Users\yangluwei\source\repos\calendar\calendar\struct.h(1,1): warning C4828: 文件包含在偏移 0x21d 处开始的字符，该字符在当前源字符集中无效(代码页 65001)。
C:\Users\yangluwei\source\repos\calendar\calendar\struct.h(1,1): warning C4828: 文件包含在偏移 0x221 处开始的字符，该字符在当前源字符集中无效(代码页 65001)。
C:\Users\yangluwei\source\repos\calendar\calendar\struct.h(1,1): warning C4828: 文件包含在偏移 0x222 处开始的字符，该字符在当前源字符集中无效(代码页 65001)。
C:\Users\yangluwei\source\repos\calendar\calendar\struct.h(1,1): warning C4828: 文件包含在偏移 0x224 处开始的字符，该字符在当前源字符集中无效(代码页 65001)。
C:\Users\yangluwei\source\repos\calendar\calendar\struct.h(1,1): warning C4828: 文件包含在偏移 0x22b 处开始的字符，该字符在当前源字符集中无效(代码页 65001)。
C:\Users\yangluwei\source\repos\calendar\calendar\struct.h(1,1): warning C4828: 文件包含在偏移 0x22f 处开始的字符，该字符在当前源字符集中无效(代码页 65001)。
C:\Users\yangluwei\source\repos\calendar\calendar\struct.h(1,1): warning C4828: 文件包含在偏移 0x231 处开始的字符，该字符在当前源字符集中无效(代码页 65001)。
C:\Users\yangluwei\source\repos\calendar\calendar\struct.h(1,1): warning C4828: 文件包含在偏移 0x233 处开始的字符，该字符在当前源字符集中无效(代码页 65001)。
C:\Users\yangluwei\source\repos\calendar\calendar\struct.h(1,1): warning C4828: 文件包含在偏移 0x237 处开始的字符，该字符在当前源字符集中无效(代码页 65001)。
C:\Users\yangluwei\source\repos\calendar\calendar\struct.h(1,1): warning C4828: 文件包含在偏移 0x238 处开始的字符，该字符在当前源字符集中无效(代码页 65001)。
C:\Users\yangluwei\source\repos\calendar\calendar\struct.h(1,1): warning C4828: 文件包含在偏移 0x23c 处开始的字符，该字符在当前源字符集中无效(代码页 65001)。
C:\Users\yangluwei\source\repos\calendar\calendar\struct.h(1,1): warning C4828: 文件包含在偏移 0x23e 处开始的字符，该字符在当前源字符集中无效(代码页 65001)。
C:\Users\yangluwei\source\repos\calendar\calendar\struct.h(1,1): warning C4828: 文件包含在偏移 0x3c2 处开始的字符，该字符在当前源字符集中无效(代码页 65001)。
C:\Users\yangluwei\source\repos\calendar\calendar\struct.h(1,1): warning C4828: 文件包含在偏移 0x3c3 处开始的字符，该字符在当前源字符集中无效(代码页 65001)。
C:\Users\yangluwei\source\repos\calendar\calendar\struct.h(1,1): warning C4828: 文件包含在偏移 0x3c6 处开始的字符，该字符在当前源字符集中无效(代码页 65001)。
C:\Users\yangluwei\source\repos\calendar\calendar\struct.h(1,1): warning C4828: 文件包含在偏移 0x3c8 处开始的字符，该字符在当前源字符集中无效(代码页 65001)。
C:\Users\yangluwei\source\repos\calendar\calendar\struct.h(1,1): warning C4828: 文件包含在偏移 0x3cb 处开始的字符，该字符在当前源字符集中无效(代码页 65001)。
C:\Users\yangluwei\source\repos\calendar\calendar\struct.h(1,1): warning C4828: 文件包含在偏移 0x3cd 处开始的字符，该字符在当前源字符集中无效(代码页 65001)。
C:\Users\yangluwei\source\repos\calendar\calendar\struct.h(1,1): warning C4828: 文件包含在偏移 0x3ce 处开始的字符，该字符在当前源字符集中无效(代码页 65001)。
C:\Users\yangluwei\source\repos\calendar\calendar\struct.h(1,1): warning C4828: 文件包含在偏移 0x3d2 处开始的字符，该字符在当前源字符集中无效(代码页 65001)。
C:\Users\yangluwei\source\repos\calendar\calendar\struct.h(1,1): warning C4828: 文件包含在偏移 0x3d3 处开始的字符，该字符在当前源字符集中无效(代码页 65001)。
C:\Users\yangluwei\source\repos\calendar\calendar\struct.h(1,1): warning C4828: 文件包含在偏移 0x3d7 处开始的字符，该字符在当前源字符集中无效(代码页 65001)。
C:\Users\yangluwei\source\repos\calendar\calendar\struct.h(1,1): warning C4828: 文件包含在偏移 0x3fe 处开始的字符，该字符在当前源字符集中无效(代码页 65001)。
C:\Users\yangluwei\source\repos\calendar\calendar\struct.h(1,1): warning C4828: 文件包含在偏移 0x3ff 处开始的字符，该字符在当前源字符集中无效(代码页 65001)。
C:\Users\yangluwei\source\repos\calendar\calendar\struct.h(1,1): warning C4828: 文件包含在偏移 0x402 处开始的字符，该字符在当前源字符集中无效(代码页 65001)。
C:\Users\yangluwei\source\repos\calendar\calendar\struct.h(1,1): warning C4828: 文件包含在偏移 0x404 处开始的字符，该字符在当前源字符集中无效(代码页 65001)。
C:\Users\yangluwei\source\repos\calendar\calendar\struct.h(1,1): warning C4828: 文件包含在偏移 0x405 处开始的字符，该字符在当前源字符集中无效(代码页 65001)。
C:\Users\yangluwei\source\repos\calendar\calendar\struct.h(1,1): warning C4828: 文件包含在偏移 0x409 处开始的字符，该字符在当前源字符集中无效(代码页 65001)。
C:\Users\yangluwei\source\repos\calendar\calendar\struct.h(1,1): warning C4828: 文件包含在偏移 0x40a 处开始的字符，该字符在当前源字符集中无效(代码页 65001)。
C:\Users\yangluwei\source\repos\calendar\calendar\struct.h(1,1): warning C4828: 文件包含在偏移 0x40e 处开始的字符，该字符在当前源字符集中无效(代码页 65001)。
C:\Users\yangluwei\source\repos\calendar\calendar\struct.h(1,1): warning C4828: 文件包含在偏移 0x40f 处开始的字符，该字符在当前源字符集中无效(代码页 65001)。
C:\Users\yangluwei\source\repos\calendar\calendar\struct.h(1,1): warning C4828: 文件包含在偏移 0x413 处开始的字符，该字符在当前源字符集中无效(代码页 65001)。
C:\Users\yangluwei\source\repos\calendar\calendar\struct.h(1,1): warning C4828: 文件包含在偏移 0x57d 处开始的字符，该字符在当前源字符集中无效(代码页 65001)。
C:\Users\yangluwei\source\repos\calendar\calendar\struct.h(1,1): warning C4828: 文件包含在偏移 0x580 处开始的字符，该字符在当前源字符集中无效(代码页 65001)。
C:\Users\yangluwei\source\repos\calendar\calendar\struct.h(1,1): warning C4828: 文件包含在偏移 0x583 处开始的字符，该字符在当前源字符集中无效(代码页 65001)。
C:\Users\yangluwei\source\repos\calendar\calendar\struct.h(1,1): warning C4828: 文件包含在偏移 0x585 处开始的字符，该字符在当前源字符集中无效(代码页 65001)。
C:\Users\yangluwei\source\repos\calendar\calendar\struct.h(1,1): warning C4828: 文件包含在偏移 0x589 处开始的字符，该字符在当前源字符集中无效(代码页 65001)。
C:\Users\yangluwei\source\repos\calendar\calendar\struct.h(1,1): warning C4828: 文件包含在偏移 0x58a 处开始的字符，该字符在当前源字符集中无效(代码页 65001)。
C:\Users\yangluwei\source\repos\calendar\calendar\struct.h(1,1): warning C4828: 文件包含在偏移 0x58c 处开始的字符，该字符在当前源字符集中无效(代码页 65001)。
C:\Users\yangluwei\source\repos\calendar\calendar\struct.h(1,1): warning C4828: 文件包含在偏移 0x58d 处开始的字符，该字符在当前源字符集中无效(代码页 65001)。
C:\Users\yangluwei\source\repos\calendar\calendar\struct.h(1,1): warning C4828: 文件包含在偏移 0x58e 处开始的字符，该字符在当前源字符集中无效(代码页 65001)。
C:\Users\yangluwei\source\repos\calendar\calendar\struct.h(1,1): warning C4828: 文件包含在偏移 0x592 处开始的字符，该字符在当前源字符集中无效(代码页 65001)。
C:\Users\yangluwei\source\repos\calendar\calendar\struct.h(1,1): warning C4828: 文件包含在偏移 0x593 处开始的字符，该字符在当前源字符集中无效(代码页 65001)。
C:\Users\yangluwei\source\repos\calendar\calendar\struct.h(1,1): warning C4828: 文件包含在偏移 0x594 处开始的字符，该字符在当前源字符集中无效(代码页 65001)。
C:\Users\yangluwei\source\repos\calendar\calendar\struct.h(1,1): warning C4828: 文件包含在偏移 0x597 处开始的字符，该字符在当前源字符集中无效(代码页 65001)。
C:\Users\yangluwei\source\repos\calendar\calendar\struct.h(1,1): warning C4828: 文件包含在偏移 0x599 处开始的字符，该字符在当前源字符集中无效(代码页 65001)。
C:\Users\yangluwei\source\repos\calendar\calendar\struct.h(1,1): warning C4828: 文件包含在偏移 0x59c 处开始的字符，该字符在当前源字符集中无效(代码页 65001)。
C:\Users\yangluwei\source\repos\calendar\calendar\struct.h(1,1): warning C4828: 文件包含在偏移 0x59e 处开始的字符，该字符在当前源字符集中无效(代码页 65001)。
C:\Users\yangluwei\source\repos\calendar\calendar\struct.h(1,1): warning C4828: 文件包含在偏移 0x5a0 处开始的字符，该字符在当前源字符集中无效(代码页 65001)。
C:\Users\yangluwei\source\repos\calendar\calendar\struct.h(1,1): warning C4828: 文件包含在偏移 0x5a1 处开始的字符，该字符在当前源字符集中无效(代码页 65001)。
C:\Users\yangluwei\source\repos\calendar\calendar\struct.h(1,1): warning C4828: 文件包含在偏移 0x5a5 处开始的字符，该字符在当前源字符集中无效(代码页 65001)。
C:\Users\yangluwei\source\repos\calendar\calendar\usr_mng.h(1,1): warning C4828: 文件包含在偏移 0x5f 处开始的字符，该字符在当前源字符集中无效(代码页 65001)。
C:\Users\yangluwei\source\repos\calendar\calendar\usr_mng.h(1,1): warning C4828: 文件包含在偏移 0x61 处开始的字符，该字符在当前源字符集中无效(代码页 65001)。
C:\Users\yangluwei\source\repos\calendar\calendar\usr_mng.h(1,1): warning C4828: 文件包含在偏移 0x62 处开始的字符，该字符在当前源字符集中无效(代码页 65001)。
C:\Users\yangluwei\source\repos\calendar\calendar\usr_mng.h(1,1): warning C4828: 文件包含在偏移 0x63 处开始的字符，该字符在当前源字符集中无效(代码页 65001)。
C:\Users\yangluwei\source\repos\calendar\calendar\usr_mng.h(1,1): warning C4828: 文件包含在偏移 0x65 处开始的字符，该字符在当前源字符集中无效(代码页 65001)。
C:\Users\yangluwei\source\repos\calendar\calendar\usr_mng.h(1,1): warning C4828: 文件包含在偏移 0x66 处开始的字符，该字符在当前源字符集中无效(代码页 65001)。
C:\Users\yangluwei\source\repos\calendar\calendar\team_mng.h(1,1): warning C4828: 文件包含在偏移 0xf1 处开始的字符，该字符在当前源字符集中无效(代码页 65001)。
C:\Users\yangluwei\source\repos\calendar\calendar\team_mng.h(1,1): warning C4828: 文件包含在偏移 0xf5 处开始的字符，该字符在当前源字符集中无效(代码页 65001)。
C:\Users\yangluwei\source\repos\calendar\calendar\team_mng.h(1,1): warning C4828: 文件包含在偏移 0xf9 处开始的字符，该字符在当前源字符集中无效(代码页 65001)。
C:\Users\yangluwei\source\repos\calendar\calendar\team_mng.h(1,1): warning C4828: 文件包含在偏移 0xfa 处开始的字符，该字符在当前源字符集中无效(代码页 65001)。
C:\Users\yangluwei\source\repos\calendar\calendar\team_mng.h(1,1): warning C4828: 文件包含在偏移 0xfc 处开始的字符，该字符在当前源字符集中无效(代码页 65001)。
C:\Users\yangluwei\source\repos\calendar\calendar\team_mng.h(1,1): warning C4828: 文件包含在偏移 0xfe 处开始的字符，该字符在当前源字符集中无效(代码页 65001)。
C:\Users\yangluwei\source\repos\calendar\calendar\team_mng.h(1,1): warning C4828: 文件包含在偏移 0xff 处开始的字符，该字符在当前源字符集中无效(代码页 65001)。
C:\Users\yangluwei\source\repos\calendar\calendar\calendar.h(1,1): warning C4828: 文件包含在偏移 0x154 处开始的字符，该字符在当前源字符集中无效(代码页 65001)。
C:\Users\yangluwei\source\repos\calendar\calendar\calendar.h(1,1): warning C4828: 文件包含在偏移 0x155 处开始的字符，该字符在当前源字符集中无效(代码页 65001)。
C:\Users\yangluwei\source\repos\calendar\calendar\calendar.h(1,1): warning C4828: 文件包含在偏移 0x159 处开始的字符，该字符在当前源字符集中无效(代码页 65001)。
C:\Users\yangluwei\source\repos\calendar\calendar\calendar.h(1,1): warning C4828: 文件包含在偏移 0x15a 处开始的字符，该字符在当前源字符集中无效(代码页 65001)。
C:\Users\yangluwei\source\repos\calendar\calendar\calendar.h(1,1): warning C4828: 文件包含在偏移 0x15b 处开始的字符，该字符在当前源字符集中无效(代码页 65001)。
C:\Users\yangluwei\source\repos\calendar\calendar\calendar.h(1,1): warning C4828: 文件包含在偏移 0x15c 处开始的字符，该字符在当前源字符集中无效(代码页 65001)。
C:\Users\yangluwei\source\repos\calendar\calendar\calendar.h(1,1): warning C4828: 文件包含在偏移 0x15e 处开始的字符，该字符在当前源字符集中无效(代码页 65001)。
C:\Users\yangluwei\source\repos\calendar\calendar\calendar.h(1,1): warning C4828: 文件包含在偏移 0x15f 处开始的字符，该字符在当前源字符集中无效(代码页 65001)。
C:\Users\yangluwei\source\repos\calendar\calendar\calendar.h(1,1): warning C4828: 文件包含在偏移 0x162 处开始的字符，该字符在当前源字符集中无效(代码页 65001)。
C:\Users\yangluwei\source\repos\calendar\calendar\calendar.h(1,1): warning C4828: 文件包含在偏移 0x164 处开始的字符，该字符在当前源字符集中无效(代码页 65001)。
C:\Users\yangluwei\source\repos\calendar\calendar\calendar.h(1,1): warning C4828: 文件包含在偏移 0x165 处开始的字符，该字符在当前源字符集中无效(代码页 65001)。
C:\Users\yangluwei\source\repos\calendar\calendar\calendar.h(1,1): warning C4828: 文件包含在偏移 0x16a 处开始的字符，该字符在当前源字符集中无效(代码页 65001)。
C:\Users\yangluwei\source\repos\calendar\calendar\calendar.h(1,1): warning C4828: 文件包含在偏移 0x16b 处开始的字符，该字符在当前源字符集中无效(代码页 65001)。
C:\Users\yangluwei\source\repos\calendar\calendar\calendar.h(1,1): warning C4828: 文件包含在偏移 0x16d 处开始的字符，该字符在当前源字符集中无效(代码页 65001)。
C:\Users\yangluwei\source\repos\calendar\calendar\calendar.h(1,1): warning C4828: 文件包含在偏移 0x16e 处开始的字符，该字符在当前源字符集中无效(代码页 65001)。
C:\Users\yangluwei\source\repos\calendar\calendar\calendar.h(1,1): warning C4828: 文件包含在偏移 0x170 处开始的字符，该字符在当前源字符集中无效(代码页 65001)。
C:\Users\yangluwei\source\repos\calendar\calendar\calendar.h(1,1): warning C4828: 文件包含在偏移 0x172 处开始的字符，该字符在当前源字符集中无效(代码页 65001)。
C:\Users\yangluwei\source\repos\calendar\calendar\calendar.h(1,1): warning C4828: 文件包含在偏移 0x175 处开始的字符，该字符在当前源字符集中无效(代码页 65001)。
C:\Users\yangluwei\source\repos\calendar\calendar\calendar.h(1,1): warning C4828: 文件包含在偏移 0x177 处开始的字符，该字符在当前源字符集中无效(代码页 65001)。
C:\Users\yangluwei\source\repos\calendar\calendar\tsplan.h(1,1): warning C4828: 文件包含在偏移 0x296 处开始的字符，该字符在当前源字符集中无效(代码页 65001)。
C:\Users\yangluwei\source\repos\calendar\calendar\tsplan.h(1,1): warning C4828: 文件包含在偏移 0x29a 处开始的字符，该字符在当前源字符集中无效(代码页 65001)。
C:\Users\yangluwei\source\repos\calendar\calendar\tsplan.h(1,1): warning C4828: 文件包含在偏移 0x29c 处开始的字符，该字符在当前源字符集中无效(代码页 65001)。
C:\Users\yangluwei\source\repos\calendar\calendar\tsplan.h(1,1): warning C4828: 文件包含在偏移 0x29e 处开始的字符，该字符在当前源字符集中无效(代码页 65001)。
C:\Users\yangluwei\source\repos\calendar\calendar\tsplan.h(1,1): warning C4828: 文件包含在偏移 0x2a2 处开始的字符，该字符在当前源字符集中无效(代码页 65001)。
C:\Users\yangluwei\source\repos\calendar\calendar\tsplan.h(1,1): warning C4828: 文件包含在偏移 0x2a5 处开始的字符，该字符在当前源字符集中无效(代码页 65001)。
C:\Users\yangluwei\source\repos\calendar\calendar\tsplan.h(1,1): warning C4828: 文件包含在偏移 0x2d8 处开始的字符，该字符在当前源字符集中无效(代码页 65001)。
C:\Users\yangluwei\source\repos\calendar\calendar\tsplan.h(1,1): warning C4828: 文件包含在偏移 0x2da 处开始的字符，该字符在当前源字符集中无效(代码页 65001)。
C:\Users\yangluwei\source\repos\calendar\calendar\tsplan.h(1,1): warning C4828: 文件包含在偏移 0x2dc 处开始的字符，该字符在当前源字符集中无效(代码页 65001)。
C:\Users\yangluwei\source\repos\calendar\calendar\tsplan.h(1,1): warning C4828: 文件包含在偏移 0x2dd 处开始的字符，该字符在当前源字符集中无效(代码页 65001)。
C:\Users\yangluwei\source\repos\calendar\calendar\tsplan.h(1,1): warning C4828: 文件包含在偏移 0x2df 处开始的字符，该字符在当前源字符集中无效(代码页 65001)。
C:\Users\yangluwei\source\repos\calendar\calendar\tsplan.h(1,1): warning C4828: 文件包含在偏移 0x2fa 处开始的字符，该字符在当前源字符集中无效(代码页 65001)。
C:\Users\yangluwei\source\repos\calendar\calendar\tsplan.h(1,1): warning C4828: 文件包含在偏移 0x2fb 处开始的字符，该字符在当前源字符集中无效(代码页 65001)。
C:\Users\yangluwei\source\repos\calendar\calendar\tsplan.h(1,1): warning C4828: 文件包含在偏移 0x2fe 处开始的字符，该字符在当前源字符集中无效(代码页 65001)。
C:\Users\yangluwei\source\repos\calendar\calendar\tsplan.h(1,1): warning C4828: 文件包含在偏移 0x315 处开始的字符，该字符在当前源字符集中无效(代码页 65001)。
C:\Users\yangluwei\source\repos\calendar\calendar\tsplan.h(1,1): warning C4828: 文件包含在偏移 0x316 处开始的字符，该字符在当前源字符集中无效(代码页 65001)。
C:\Users\yangluwei\source\repos\calendar\calendar\tsplan.h(1,1): warning C4828: 文件包含在偏移 0x317 处开始的字符，该字符在当前源字符集中无效(代码页 65001)。
C:\Users\yangluwei\source\repos\calendar\calendar\tsplan.h(1,1): warning C4828: 文件包含在偏移 0x31b 处开始的字符，该字符在当前源字符集中无效(代码页 65001)。
C:\Users\yangluwei\source\repos\calendar\calendar\tsplan.h(1,1): warning C4828: 文件包含在偏移 0x31c 处开始的字符，该字符在当前源字符集中无效(代码页 65001)。
C:\Users\yangluwei\source\repos\calendar\calendar\tsplan.h(1,1): warning C4828: 文件包含在偏移 0x322 处开始的字符，该字符在当前源字符集中无效(代码页 65001)。
C:\Users\yangluwei\source\repos\calendar\calendar\tsplan.h(1,1): warning C4828: 文件包含在偏移 0x323 处开始的字符，该字符在当前源字符集中无效(代码页 65001)。
C:\Users\yangluwei\source\repos\calendar\calendar\tsplan.h(1,1): warning C4828: 文件包含在偏移 0x325 处开始的字符，该字符在当前源字符集中无效(代码页 65001)。
C:\Users\yangluwei\source\repos\calendar\calendar\tsplan.h(1,1): warning C4828: 文件包含在偏移 0x326 处开始的字符，该字符在当前源字符集中无效(代码页 65001)。
C:\Users\yangluwei\source\repos\calendar\calendar\tsplan.h(1,1): warning C4828: 文件包含在偏移 0x32b 处开始的字符，该字符在当前源字符集中无效(代码页 65001)。
C:\Users\yangluwei\source\repos\calendar\calendar\tsplan.h(1,1): warning C4828: 文件包含在偏移 0x32c 处开始的字符，该字符在当前源字符集中无效(代码页 65001)。
C:\Users\yangluwei\source\repos\calendar\calendar\tsplan.h(1,1): warning C4828: 文件包含在偏移 0x32f 处开始的字符，该字符在当前源字符集中无效(代码页 65001)。
C:\Users\yangluwei\source\repos\calendar\calendar\tsplan.h(1,1): warning C4828: 文件包含在偏移 0x330 处开始的字符，该字符在当前源字符集中无效(代码页 65001)。
C:\Users\yangluwei\source\repos\calendar\calendar\tsplan.h(1,1): warning C4828: 文件包含在偏移 0x334 处开始的字符，该字符在当前源字符集中无效(代码页 65001)。
C:\Users\yangluwei\source\repos\calendar\calendar\tsplan.h(1,1): warning C4828: 文件包含在偏移 0x335 处开始的字符，该字符在当前源字符集中无效(代码页 65001)。
C:\Users\yangluwei\source\repos\calendar\calendar\tsplan.h(1,1): warning C4828: 文件包含在偏移 0x336 处开始的字符，该字符在当前源字符集中无效(代码页 65001)。
C:\Users\yangluwei\source\repos\calendar\calendar\tsplan.h(1,1): warning C4828: 文件包含在偏移 0x33a 处开始的字符，该字符在当前源字符集中无效(代码页 65001)。
C:\Users\yangluwei\source\repos\calendar\calendar\tsplan.h(1,1): warning C4828: 文件包含在偏移 0x33d 处开始的字符，该字符在当前源字符集中无效(代码页 65001)。
C:\Users\yangluwei\source\repos\calendar\calendar\tsplan.h(1,1): warning C4828: 文件包含在偏移 0x33e 处开始的字符，该字符在当前源字符集中无效(代码页 65001)。
C:\Users\yangluwei\source\repos\calendar\calendar\tsplan.h(1,1): warning C4828: 文件包含在偏移 0x33f 处开始的字符，该字符在当前源字符集中无效(代码页 65001)。
C:\Users\yangluwei\source\repos\calendar\calendar\tsplan.h(1,1): warning C4828: 文件包含在偏移 0x340 处开始的字符，该字符在当前源字符集中无效(代码页 65001)。
C:\Users\yangluwei\source\repos\calendar\calendar\tsplan.h(1,1): warning C4828: 文件包含在偏移 0x342 处开始的字符，该字符在当前源字符集中无效(代码页 65001)。
C:\Users\yangluwei\source\repos\calendar\calendar\TODOwidget.h(1,1): warning C4828: 文件包含在偏移 0x3b5 处开始的字符，该字符在当前源字符集中无效(代码页 65001)。
C:\Users\yangluwei\source\repos\calendar\calendar\TODOwidget.h(1,1): warning C4828: 文件包含在偏移 0x3b7 处开始的字符，该字符在当前源字符集中无效(代码页 65001)。
C:\Users\yangluwei\source\repos\calendar\calendar\TODOwidget.h(1,1): warning C4828: 文件包含在偏移 0x3bb 处开始的字符，该字符在当前源字符集中无效(代码页 65001)。
C:\Users\yangluwei\source\repos\calendar\calendar\TODOwidget.h(1,1): warning C4828: 文件包含在偏移 0x3bc 处开始的字符，该字符在当前源字符集中无效(代码页 65001)。
C:\Users\yangluwei\source\repos\calendar\calendar\TODOwidget.h(1,1): warning C4828: 文件包含在偏移 0x3c2 处开始的字符，该字符在当前源字符集中无效(代码页 65001)。
C:\Users\yangluwei\source\repos\calendar\calendar\TODOwidget.h(1,1): warning C4828: 文件包含在偏移 0x3c3 处开始的字符，该字符在当前源字符集中无效(代码页 65001)。
C:\Users\yangluwei\source\repos\calendar\calendar\TODOwidget.h(1,1): warning C4828: 文件包含在偏移 0x3c5 处开始的字符，该字符在当前源字符集中无效(代码页 65001)。
C:\Users\yangluwei\source\repos\calendar\calendar\TODOwidget.h(1,1): warning C4828: 文件包含在偏移 0x3d3 处开始的字符，该字符在当前源字符集中无效(代码页 65001)。
C:\Users\yangluwei\source\repos\calendar\calendar\TODOwidget.h(1,1): warning C4828: 文件包含在偏移 0x3d5 处开始的字符，该字符在当前源字符集中无效(代码页 65001)。
C:\Users\yangluwei\source\repos\calendar\calendar\TODOwidget.h(1,1): warning C4828: 文件包含在偏移 0x3d6 处开始的字符，该字符在当前源字符集中无效(代码页 65001)。
C:\Users\yangluwei\source\repos\calendar\calendar\TODOwidget.h(1,1): warning C4828: 文件包含在偏移 0x3da 处开始的字符，该字符在当前源字符集中无效(代码页 65001)。
C:\Users\yangluwei\source\repos\calendar\calendar\TODOwidget.h(1,1): warning C4828: 文件包含在偏移 0x3de 处开始的字符，该字符在当前源字符集中无效(代码页 65001)。
C:\Users\yangluwei\source\repos\calendar\calendar\TODOwidget.h(1,1): warning C4828: 文件包含在偏移 0x3df 处开始的字符，该字符在当前源字符集中无效(代码页 65001)。
C:\Users\yangluwei\source\repos\calendar\calendar\TODOwidget.h(1,1): warning C4828: 文件包含在偏移 0x3e0 处开始的字符，该字符在当前源字符集中无效(代码页 65001)。
C:\Users\yangluwei\source\repos\calendar\calendar\TODOwidget.h(1,1): warning C4828: 文件包含在偏移 0x3e1 处开始的字符，该字符在当前源字符集中无效(代码页 65001)。
C:\Users\yangluwei\source\repos\calendar\calendar\TODOwidget.h(1,1): warning C4828: 文件包含在偏移 0x3e3 处开始的字符，该字符在当前源字符集中无效(代码页 65001)。
C:\Users\yangluwei\source\repos\calendar\calendar\TODOwidget.h(1,1): warning C4828: 文件包含在偏移 0x3e6 处开始的字符，该字符在当前源字符集中无效(代码页 65001)。
C:\Users\yangluwei\source\repos\calendar\calendar\TODOwidget.h(1,1): warning C4828: 文件包含在偏移 0x3e7 处开始的字符，该字符在当前源字符集中无效(代码页 65001)。
C:\Users\yangluwei\source\repos\calendar\calendar\TODOwidget.h(1,1): warning C4828: 文件包含在偏移 0x3eb 处开始的字符，该字符在当前源字符集中无效(代码页 65001)。
C:\Users\yangluwei\source\repos\calendar\calendar\TODOwidget.h(1,1): warning C4828: 文件包含在偏移 0x3ec 处开始的字符，该字符在当前源字符集中无效(代码页 65001)。
C:\Users\yangluwei\source\repos\calendar\calendar\TODOwidget.h(1,1): warning C4828: 文件包含在偏移 0x3ed 处开始的字符，该字符在当前源字符集中无效(代码页 65001)。
C:\Users\yangluwei\source\repos\calendar\calendar\TODOwidget.h(1,1): warning C4828: 文件包含在偏移 0x3ef 处开始的字符，该字符在当前源字符集中无效(代码页 65001)。
C:\Users\yangluwei\source\repos\calendar\calendar\TODOwidget.h(1,1): warning C4828: 文件包含在偏移 0x3f1 处开始的字符，该字符在当前源字符集中无效(代码页 65001)。
C:\Users\yangluwei\source\repos\calendar\calendar\TODOwidget.h(1,1): warning C4828: 文件包含在偏移 0x3f2 处开始的字符，该字符在当前源字符集中无效(代码页 65001)。
C:\Users\yangluwei\source\repos\calendar\calendar\TODOwidget.h(1,1): warning C4828: 文件包含在偏移 0x3f4 处开始的字符，该字符在当前源字符集中无效(代码页 65001)。
C:\Users\yangluwei\source\repos\calendar\calendar\TODOwidget.h(1,1): warning C4828: 文件包含在偏移 0x3f5 处开始的字符，该字符在当前源字符集中无效(代码页 65001)。
C:\Users\yangluwei\source\repos\calendar\calendar\TODOwidget.h(1,1): warning C4828: 文件包含在偏移 0x3f6 处开始的字符，该字符在当前源字符集中无效(代码页 65001)。
C:\Users\yangluwei\source\repos\calendar\calendar\TODOwidget.h(1,1): warning C4828: 文件包含在偏移 0x42a 处开始的字符，该字符在当前源字符集中无效(代码页 65001)。
C:\Users\yangluwei\source\repos\calendar\calendar\TODOwidget.h(1,1): warning C4828: 文件包含在偏移 0x42d 处开始的字符，该字符在当前源字符集中无效(代码页 65001)。
C:\Users\yangluwei\source\repos\calendar\calendar\TODOwidget.h(1,1): warning C4828: 文件包含在偏移 0x42e 处开始的字符，该字符在当前源字符集中无效(代码页 65001)。
C:\Users\yangluwei\source\repos\calendar\calendar\TODOwidget.h(1,1): warning C4828: 文件包含在偏移 0x430 处开始的字符，该字符在当前源字符集中无效(代码页 65001)。
C:\Users\yangluwei\source\repos\calendar\calendar\TODOwidget.h(1,1): warning C4828: 文件包含在偏移 0x431 处开始的字符，该字符在当前源字符集中无效(代码页 65001)。
C:\Users\yangluwei\source\repos\calendar\calendar\TODOwidget.h(1,1): warning C4828: 文件包含在偏移 0x432 处开始的字符，该字符在当前源字符集中无效(代码页 65001)。
C:\Users\yangluwei\source\repos\calendar\calendar\TODOwidget.h(1,1): warning C4828: 文件包含在偏移 0x433 处开始的字符，该字符在当前源字符集中无效(代码页 65001)。
C:\Users\yangluwei\source\repos\calendar\calendar\TODOwidget.h(1,1): warning C4828: 文件包含在偏移 0x434 处开始的字符，该字符在当前源字符集中无效(代码页 65001)。
C:\Users\yangluwei\source\repos\calendar\calendar\TODOwidget.h(1,1): warning C4828: 文件包含在偏移 0x43a 处开始的字符，该字符在当前源字符集中无效(代码页 65001)。
C:\Users\yangluwei\source\repos\calendar\calendar\TODOwidget.h(1,1): warning C4828: 文件包含在偏移 0x43b 处开始的字符，该字符在当前源字符集中无效(代码页 65001)。
C:\Users\yangluwei\source\repos\calendar\calendar\TODOwidget.h(1,1): warning C4828: 文件包含在偏移 0x43e 处开始的字符，该字符在当前源字符集中无效(代码页 65001)。
C:\Users\yangluwei\source\repos\calendar\calendar\TODOwidget.h(1,1): warning C4828: 文件包含在偏移 0x440 处开始的字符，该字符在当前源字符集中无效(代码页 65001)。
C:\Users\yangluwei\source\repos\calendar\calendar\TODOwidget.h(1,1): warning C4828: 文件包含在偏移 0x441 处开始的字符，该字符在当前源字符集中无效(代码页 65001)。
  calendar.vcxproj -> C:\Users\yangluwei\source\repos\calendar\x64\Debug\calendar.exe
  windeployqt: "C:/Qt/6.2.4/msvc2019_64/bin\windeployqt.exe" --list target --dir C:\Users\yangluwei\source\repos\calendar\x64\Debug\ C:\Users\yangluwei\source\repos\calendar\x64\Debug\calendar.exe
EXEC : warning : Cannot find Visual Studio installation directory, VCINSTALLDIR is not set.
EXEC : warning : Cannot find Visual Studio installation directory, VCINSTALLDIR is not set.
