C:\Users\yangluwei\source\repos\calendar\x64\Debug\\Qt6QmlModelsd.dll
C:\Users\yangluwei\source\repos\calendar\x64\Debug\\Qt6Cored.dll
C:\Users\yangluwei\source\repos\calendar\x64\Debug\\Qt6Guid.dll
C:\Users\yangluwei\source\repos\calendar\x64\Debug\\Qt6Networkd.dll
C:\Users\yangluwei\source\repos\calendar\x64\Debug\\Qt6OpenGLd.dll
C:\Users\yangluwei\source\repos\calendar\x64\Debug\\Qt6Positioningd.dll
C:\Users\yangluwei\source\repos\calendar\x64\Debug\\Qt6PrintSupportd.dll
C:\Users\yangluwei\source\repos\calendar\x64\Debug\\Qt6Qmld.dll
C:\Users\yangluwei\source\repos\calendar\x64\Debug\\Qt6Quickd.dll
C:\Users\yangluwei\source\repos\calendar\x64\Debug\\Qt6QuickWidgetsd.dll
C:\Users\yangluwei\source\repos\calendar\x64\Debug\\Qt6SerialPortd.dll
C:\Users\yangluwei\source\repos\calendar\x64\Debug\\Qt6Svgd.dll
C:\Users\yangluwei\source\repos\calendar\x64\Debug\\Qt6Widgetsd.dll
C:\Users\yangluwei\source\repos\calendar\x64\Debug\\Qt6WebEngineCored.dll
C:\Users\yangluwei\source\repos\calendar\x64\Debug\\Qt6WebEngineWidgetsd.dll
C:\Users\yangluwei\source\repos\calendar\x64\Debug\\Qt6WebChanneld.dll
C:\Users\yangluwei\source\repos\calendar\x64\Debug\\opengl32sw.dll
C:\Users\yangluwei\source\repos\calendar\x64\Debug\\D3Dcompiler_47.dll
C:\Users\yangluwei\source\repos\calendar\x64\Debug\iconengines\qsvgicond.dll
C:\Users\yangluwei\source\repos\calendar\x64\Debug\imageformats\qgifd.dll
C:\Users\yangluwei\source\repos\calendar\x64\Debug\imageformats\qicnsd.dll
C:\Users\yangluwei\source\repos\calendar\x64\Debug\imageformats\qicod.dll
C:\Users\yangluwei\source\repos\calendar\x64\Debug\imageformats\qjpegd.dll
C:\Users\yangluwei\source\repos\calendar\x64\Debug\imageformats\qsvgd.dll
C:\Users\yangluwei\source\repos\calendar\x64\Debug\imageformats\qtgad.dll
C:\Users\yangluwei\source\repos\calendar\x64\Debug\imageformats\qtiffd.dll
C:\Users\yangluwei\source\repos\calendar\x64\Debug\imageformats\qwbmpd.dll
C:\Users\yangluwei\source\repos\calendar\x64\Debug\imageformats\qwebpd.dll
C:\Users\yangluwei\source\repos\calendar\x64\Debug\networkinformation\qnetworklistmanagerd.dll
C:\Users\yangluwei\source\repos\calendar\x64\Debug\platforms\qwindowsd.dll
C:\Users\yangluwei\source\repos\calendar\x64\Debug\position\qtposition_nmead.dll
C:\Users\yangluwei\source\repos\calendar\x64\Debug\position\qtposition_positionpolld.dll
C:\Users\yangluwei\source\repos\calendar\x64\Debug\position\qtposition_winrtd.dll
C:\Users\yangluwei\source\repos\calendar\x64\Debug\styles\qwindowsvistastyled.dll
C:\Users\yangluwei\source\repos\calendar\x64\Debug\tls\qcertonlybackendd.dll
C:\Users\yangluwei\source\repos\calendar\x64\Debug\tls\qopensslbackendd.dll
C:\Users\yangluwei\source\repos\calendar\x64\Debug\tls\qschannelbackendd.dll
C:\Users\yangluwei\source\repos\calendar\x64\Debug\translations\qt_ar.qm
C:\Users\yangluwei\source\repos\calendar\x64\Debug\translations\qtbase_ar.qm
C:\Users\yangluwei\source\repos\calendar\x64\Debug\translations\qtdeclarative_ar.qm
C:\Users\yangluwei\source\repos\calendar\x64\Debug\translations\qt_bg.qm
C:\Users\yangluwei\source\repos\calendar\x64\Debug\translations\qtbase_bg.qm
C:\Users\yangluwei\source\repos\calendar\x64\Debug\translations\qtdeclarative_bg.qm
C:\Users\yangluwei\source\repos\calendar\x64\Debug\translations\qt_ca.qm
C:\Users\yangluwei\source\repos\calendar\x64\Debug\translations\qtbase_ca.qm
C:\Users\yangluwei\source\repos\calendar\x64\Debug\translations\qtdeclarative_ca.qm
C:\Users\yangluwei\source\repos\calendar\x64\Debug\translations\qt_cs.qm
C:\Users\yangluwei\source\repos\calendar\x64\Debug\translations\qtbase_cs.qm
C:\Users\yangluwei\source\repos\calendar\x64\Debug\translations\qt_da.qm
C:\Users\yangluwei\source\repos\calendar\x64\Debug\translations\qtbase_da.qm
C:\Users\yangluwei\source\repos\calendar\x64\Debug\translations\qtdeclarative_da.qm
C:\Users\yangluwei\source\repos\calendar\x64\Debug\translations\qt_de.qm
C:\Users\yangluwei\source\repos\calendar\x64\Debug\translations\qtbase_de.qm
C:\Users\yangluwei\source\repos\calendar\x64\Debug\translations\qtdeclarative_de.qm
C:\Users\yangluwei\source\repos\calendar\x64\Debug\translations\qtserialport_de.qm
C:\Users\yangluwei\source\repos\calendar\x64\Debug\translations\qt_en.qm
C:\Users\yangluwei\source\repos\calendar\x64\Debug\translations\qtbase_en.qm
C:\Users\yangluwei\source\repos\calendar\x64\Debug\translations\qtdeclarative_en.qm
C:\Users\yangluwei\source\repos\calendar\x64\Debug\translations\qtserialport_en.qm
C:\Users\yangluwei\source\repos\calendar\x64\Debug\translations\qt_es.qm
C:\Users\yangluwei\source\repos\calendar\x64\Debug\translations\qtbase_es.qm
C:\Users\yangluwei\source\repos\calendar\x64\Debug\translations\qtdeclarative_es.qm
C:\Users\yangluwei\source\repos\calendar\x64\Debug\translations\qtserialport_es.qm
C:\Users\yangluwei\source\repos\calendar\x64\Debug\translations\qt_fa.qm
C:\Users\yangluwei\source\repos\calendar\x64\Debug\translations\qtbase_fa.qm
C:\Users\yangluwei\source\repos\calendar\x64\Debug\translations\qtdeclarative_fa.qm
C:\Users\yangluwei\source\repos\calendar\x64\Debug\translations\qt_fi.qm
C:\Users\yangluwei\source\repos\calendar\x64\Debug\translations\qtbase_fi.qm
C:\Users\yangluwei\source\repos\calendar\x64\Debug\translations\qtdeclarative_fi.qm
C:\Users\yangluwei\source\repos\calendar\x64\Debug\translations\qt_fr.qm
C:\Users\yangluwei\source\repos\calendar\x64\Debug\translations\qtbase_fr.qm
C:\Users\yangluwei\source\repos\calendar\x64\Debug\translations\qtdeclarative_fr.qm
C:\Users\yangluwei\source\repos\calendar\x64\Debug\translations\qt_gd.qm
C:\Users\yangluwei\source\repos\calendar\x64\Debug\translations\qtbase_gd.qm
C:\Users\yangluwei\source\repos\calendar\x64\Debug\translations\qt_he.qm
C:\Users\yangluwei\source\repos\calendar\x64\Debug\translations\qtbase_he.qm
C:\Users\yangluwei\source\repos\calendar\x64\Debug\translations\qt_hr.qm
C:\Users\yangluwei\source\repos\calendar\x64\Debug\translations\qtbase_hr.qm
C:\Users\yangluwei\source\repos\calendar\x64\Debug\translations\qtdeclarative_hr.qm
C:\Users\yangluwei\source\repos\calendar\x64\Debug\translations\qt_hu.qm
C:\Users\yangluwei\source\repos\calendar\x64\Debug\translations\qtbase_hu.qm
C:\Users\yangluwei\source\repos\calendar\x64\Debug\translations\qtdeclarative_hu.qm
C:\Users\yangluwei\source\repos\calendar\x64\Debug\translations\qt_it.qm
C:\Users\yangluwei\source\repos\calendar\x64\Debug\translations\qtbase_it.qm
C:\Users\yangluwei\source\repos\calendar\x64\Debug\translations\qt_ja.qm
C:\Users\yangluwei\source\repos\calendar\x64\Debug\translations\qtbase_ja.qm
C:\Users\yangluwei\source\repos\calendar\x64\Debug\translations\qtdeclarative_ja.qm
C:\Users\yangluwei\source\repos\calendar\x64\Debug\translations\qtserialport_ja.qm
C:\Users\yangluwei\source\repos\calendar\x64\Debug\translations\qt_ko.qm
C:\Users\yangluwei\source\repos\calendar\x64\Debug\translations\qtbase_ko.qm
C:\Users\yangluwei\source\repos\calendar\x64\Debug\translations\qtdeclarative_ko.qm
C:\Users\yangluwei\source\repos\calendar\x64\Debug\translations\qtserialport_ko.qm
C:\Users\yangluwei\source\repos\calendar\x64\Debug\translations\qt_lv.qm
C:\Users\yangluwei\source\repos\calendar\x64\Debug\translations\qtbase_lv.qm
C:\Users\yangluwei\source\repos\calendar\x64\Debug\translations\qtdeclarative_lv.qm
C:\Users\yangluwei\source\repos\calendar\x64\Debug\translations\qt_nl.qm
C:\Users\yangluwei\source\repos\calendar\x64\Debug\translations\qtbase_nl.qm
C:\Users\yangluwei\source\repos\calendar\x64\Debug\translations\qtdeclarative_nl.qm
C:\Users\yangluwei\source\repos\calendar\x64\Debug\translations\qt_nn.qm
C:\Users\yangluwei\source\repos\calendar\x64\Debug\translations\qtbase_nn.qm
C:\Users\yangluwei\source\repos\calendar\x64\Debug\translations\qtdeclarative_nn.qm
C:\Users\yangluwei\source\repos\calendar\x64\Debug\translations\qt_pl.qm
C:\Users\yangluwei\source\repos\calendar\x64\Debug\translations\qtbase_pl.qm
C:\Users\yangluwei\source\repos\calendar\x64\Debug\translations\qtdeclarative_pl.qm
C:\Users\yangluwei\source\repos\calendar\x64\Debug\translations\qtserialport_pl.qm
C:\Users\yangluwei\source\repos\calendar\x64\Debug\translations\qt_pt_BR.qm
C:\Users\yangluwei\source\repos\calendar\x64\Debug\translations\qtbase_pt_BR.qm
C:\Users\yangluwei\source\repos\calendar\x64\Debug\translations\qtdeclarative_pt_BR.qm
C:\Users\yangluwei\source\repos\calendar\x64\Debug\translations\qt_ru.qm
C:\Users\yangluwei\source\repos\calendar\x64\Debug\translations\qtbase_ru.qm
C:\Users\yangluwei\source\repos\calendar\x64\Debug\translations\qtdeclarative_ru.qm
C:\Users\yangluwei\source\repos\calendar\x64\Debug\translations\qtserialport_ru.qm
C:\Users\yangluwei\source\repos\calendar\x64\Debug\translations\qt_sk.qm
C:\Users\yangluwei\source\repos\calendar\x64\Debug\translations\qtbase_sk.qm
C:\Users\yangluwei\source\repos\calendar\x64\Debug\translations\qtdeclarative_sk.qm
C:\Users\yangluwei\source\repos\calendar\x64\Debug\translations\qt_tr.qm
C:\Users\yangluwei\source\repos\calendar\x64\Debug\translations\qtbase_tr.qm
C:\Users\yangluwei\source\repos\calendar\x64\Debug\translations\qtdeclarative_tr.qm
C:\Users\yangluwei\source\repos\calendar\x64\Debug\translations\qt_uk.qm
C:\Users\yangluwei\source\repos\calendar\x64\Debug\translations\qtbase_uk.qm
C:\Users\yangluwei\source\repos\calendar\x64\Debug\translations\qtdeclarative_uk.qm
C:\Users\yangluwei\source\repos\calendar\x64\Debug\translations\qtserialport_uk.qm
C:\Users\yangluwei\source\repos\calendar\x64\Debug\translations\qt_zh_CN.qm
C:\Users\yangluwei\source\repos\calendar\x64\Debug\translations\qtbase_zh_CN.qm
C:\Users\yangluwei\source\repos\calendar\x64\Debug\translations\qtdeclarative_zh_CN.qm
C:\Users\yangluwei\source\repos\calendar\x64\Debug\translations\qt_zh_TW.qm
C:\Users\yangluwei\source\repos\calendar\x64\Debug\translations\qtbase_zh_TW.qm
C:\Users\yangluwei\source\repos\calendar\x64\Debug\translations\qtdeclarative_zh_TW.qm
C:\Users\yangluwei\source\repos\calendar\x64\Debug\\QtWebEngineProcessd.exe
C:\Users\yangluwei\source\repos\calendar\x64\Debug\\Qt6QmlModelsd.dll
C:\Users\yangluwei\source\repos\calendar\x64\Debug\\Qt6Cored.dll
C:\Users\yangluwei\source\repos\calendar\x64\Debug\\Qt6Guid.dll
C:\Users\yangluwei\source\repos\calendar\x64\Debug\\Qt6Networkd.dll
C:\Users\yangluwei\source\repos\calendar\x64\Debug\\Qt6OpenGLd.dll
C:\Users\yangluwei\source\repos\calendar\x64\Debug\\Qt6Positioningd.dll
C:\Users\yangluwei\source\repos\calendar\x64\Debug\\Qt6PrintSupportd.dll
C:\Users\yangluwei\source\repos\calendar\x64\Debug\\Qt6Qmld.dll
C:\Users\yangluwei\source\repos\calendar\x64\Debug\\Qt6Quickd.dll
C:\Users\yangluwei\source\repos\calendar\x64\Debug\\Qt6QuickWidgetsd.dll
C:\Users\yangluwei\source\repos\calendar\x64\Debug\\Qt6SerialPortd.dll
C:\Users\yangluwei\source\repos\calendar\x64\Debug\\Qt6Svgd.dll
C:\Users\yangluwei\source\repos\calendar\x64\Debug\\Qt6Widgetsd.dll
C:\Users\yangluwei\source\repos\calendar\x64\Debug\\Qt6WebEngineCored.dll
C:\Users\yangluwei\source\repos\calendar\x64\Debug\\Qt6WebEngineWidgetsd.dll
C:\Users\yangluwei\source\repos\calendar\x64\Debug\\Qt6WebChanneld.dll
C:\Users\yangluwei\source\repos\calendar\x64\Debug\\opengl32sw.dll
C:\Users\yangluwei\source\repos\calendar\x64\Debug\\D3Dcompiler_47.dll
C:\Users\yangluwei\source\repos\calendar\x64\Debug\iconengines\qsvgicond.dll
C:\Users\yangluwei\source\repos\calendar\x64\Debug\imageformats\qgifd.dll
C:\Users\yangluwei\source\repos\calendar\x64\Debug\imageformats\qicnsd.dll
C:\Users\yangluwei\source\repos\calendar\x64\Debug\imageformats\qicod.dll
C:\Users\yangluwei\source\repos\calendar\x64\Debug\imageformats\qjpegd.dll
C:\Users\yangluwei\source\repos\calendar\x64\Debug\imageformats\qsvgd.dll
C:\Users\yangluwei\source\repos\calendar\x64\Debug\imageformats\qtgad.dll
C:\Users\yangluwei\source\repos\calendar\x64\Debug\imageformats\qtiffd.dll
C:\Users\yangluwei\source\repos\calendar\x64\Debug\imageformats\qwbmpd.dll
C:\Users\yangluwei\source\repos\calendar\x64\Debug\imageformats\qwebpd.dll
C:\Users\yangluwei\source\repos\calendar\x64\Debug\networkinformation\qnetworklistmanagerd.dll
C:\Users\yangluwei\source\repos\calendar\x64\Debug\platforms\qwindowsd.dll
C:\Users\yangluwei\source\repos\calendar\x64\Debug\position\qtposition_nmead.dll
C:\Users\yangluwei\source\repos\calendar\x64\Debug\position\qtposition_positionpolld.dll
C:\Users\yangluwei\source\repos\calendar\x64\Debug\position\qtposition_winrtd.dll
C:\Users\yangluwei\source\repos\calendar\x64\Debug\styles\qwindowsvistastyled.dll
C:\Users\yangluwei\source\repos\calendar\x64\Debug\tls\qcertonlybackendd.dll
C:\Users\yangluwei\source\repos\calendar\x64\Debug\tls\qopensslbackendd.dll
C:\Users\yangluwei\source\repos\calendar\x64\Debug\tls\qschannelbackendd.dll
C:\Users\yangluwei\source\repos\calendar\x64\Debug\\resources\icudtl.dat
C:\Users\yangluwei\source\repos\calendar\x64\Debug\\resources\qtwebengine_devtools_resources.pak
C:\Users\yangluwei\source\repos\calendar\x64\Debug\\resources\qtwebengine_resources.pak
C:\Users\yangluwei\source\repos\calendar\x64\Debug\\resources\qtwebengine_resources_100p.pak
C:\Users\yangluwei\source\repos\calendar\x64\Debug\\resources\qtwebengine_resources_200p.pak
C:\Users\yangluwei\source\repos\calendar\x64\Debug\\translations\qtwebengine_locales\am.pak
C:\Users\yangluwei\source\repos\calendar\x64\Debug\\translations\qtwebengine_locales\ar.pak
C:\Users\yangluwei\source\repos\calendar\x64\Debug\\translations\qtwebengine_locales\bg.pak
C:\Users\yangluwei\source\repos\calendar\x64\Debug\\translations\qtwebengine_locales\bn.pak
C:\Users\yangluwei\source\repos\calendar\x64\Debug\\translations\qtwebengine_locales\ca.pak
C:\Users\yangluwei\source\repos\calendar\x64\Debug\\translations\qtwebengine_locales\cs.pak
C:\Users\yangluwei\source\repos\calendar\x64\Debug\\translations\qtwebengine_locales\da.pak
C:\Users\yangluwei\source\repos\calendar\x64\Debug\\translations\qtwebengine_locales\de.pak
C:\Users\yangluwei\source\repos\calendar\x64\Debug\\translations\qtwebengine_locales\el.pak
C:\Users\yangluwei\source\repos\calendar\x64\Debug\\translations\qtwebengine_locales\en-GB.pak
C:\Users\yangluwei\source\repos\calendar\x64\Debug\\translations\qtwebengine_locales\en-US.pak
C:\Users\yangluwei\source\repos\calendar\x64\Debug\\translations\qtwebengine_locales\es-419.pak
C:\Users\yangluwei\source\repos\calendar\x64\Debug\\translations\qtwebengine_locales\es.pak
C:\Users\yangluwei\source\repos\calendar\x64\Debug\\translations\qtwebengine_locales\et.pak
C:\Users\yangluwei\source\repos\calendar\x64\Debug\\translations\qtwebengine_locales\fa.pak
C:\Users\yangluwei\source\repos\calendar\x64\Debug\\translations\qtwebengine_locales\fi.pak
C:\Users\yangluwei\source\repos\calendar\x64\Debug\\translations\qtwebengine_locales\fil.pak
C:\Users\yangluwei\source\repos\calendar\x64\Debug\\translations\qtwebengine_locales\fr.pak
C:\Users\yangluwei\source\repos\calendar\x64\Debug\\translations\qtwebengine_locales\gu.pak
C:\Users\yangluwei\source\repos\calendar\x64\Debug\\translations\qtwebengine_locales\he.pak
C:\Users\yangluwei\source\repos\calendar\x64\Debug\\translations\qtwebengine_locales\hi.pak
C:\Users\yangluwei\source\repos\calendar\x64\Debug\\translations\qtwebengine_locales\hr.pak
C:\Users\yangluwei\source\repos\calendar\x64\Debug\\translations\qtwebengine_locales\hu.pak
C:\Users\yangluwei\source\repos\calendar\x64\Debug\\translations\qtwebengine_locales\id.pak
C:\Users\yangluwei\source\repos\calendar\x64\Debug\\translations\qtwebengine_locales\it.pak
C:\Users\yangluwei\source\repos\calendar\x64\Debug\\translations\qtwebengine_locales\ja.pak
C:\Users\yangluwei\source\repos\calendar\x64\Debug\\translations\qtwebengine_locales\kn.pak
C:\Users\yangluwei\source\repos\calendar\x64\Debug\\translations\qtwebengine_locales\ko.pak
C:\Users\yangluwei\source\repos\calendar\x64\Debug\\translations\qtwebengine_locales\lt.pak
C:\Users\yangluwei\source\repos\calendar\x64\Debug\\translations\qtwebengine_locales\lv.pak
C:\Users\yangluwei\source\repos\calendar\x64\Debug\\translations\qtwebengine_locales\ml.pak
C:\Users\yangluwei\source\repos\calendar\x64\Debug\\translations\qtwebengine_locales\mr.pak
C:\Users\yangluwei\source\repos\calendar\x64\Debug\\translations\qtwebengine_locales\ms.pak
C:\Users\yangluwei\source\repos\calendar\x64\Debug\\translations\qtwebengine_locales\nb.pak
C:\Users\yangluwei\source\repos\calendar\x64\Debug\\translations\qtwebengine_locales\nl.pak
C:\Users\yangluwei\source\repos\calendar\x64\Debug\\translations\qtwebengine_locales\pl.pak
C:\Users\yangluwei\source\repos\calendar\x64\Debug\\translations\qtwebengine_locales\pt-BR.pak
C:\Users\yangluwei\source\repos\calendar\x64\Debug\\translations\qtwebengine_locales\pt-PT.pak
C:\Users\yangluwei\source\repos\calendar\x64\Debug\\translations\qtwebengine_locales\ro.pak
C:\Users\yangluwei\source\repos\calendar\x64\Debug\\translations\qtwebengine_locales\ru.pak
C:\Users\yangluwei\source\repos\calendar\x64\Debug\\translations\qtwebengine_locales\sk.pak
C:\Users\yangluwei\source\repos\calendar\x64\Debug\\translations\qtwebengine_locales\sl.pak
C:\Users\yangluwei\source\repos\calendar\x64\Debug\\translations\qtwebengine_locales\sr.pak
C:\Users\yangluwei\source\repos\calendar\x64\Debug\\translations\qtwebengine_locales\sv.pak
C:\Users\yangluwei\source\repos\calendar\x64\Debug\\translations\qtwebengine_locales\sw.pak
C:\Users\yangluwei\source\repos\calendar\x64\Debug\\translations\qtwebengine_locales\ta.pak
C:\Users\yangluwei\source\repos\calendar\x64\Debug\\translations\qtwebengine_locales\te.pak
C:\Users\yangluwei\source\repos\calendar\x64\Debug\\translations\qtwebengine_locales\th.pak
C:\Users\yangluwei\source\repos\calendar\x64\Debug\\translations\qtwebengine_locales\tr.pak
C:\Users\yangluwei\source\repos\calendar\x64\Debug\\translations\qtwebengine_locales\uk.pak
C:\Users\yangluwei\source\repos\calendar\x64\Debug\\translations\qtwebengine_locales\vi.pak
C:\Users\yangluwei\source\repos\calendar\x64\Debug\\translations\qtwebengine_locales\zh-CN.pak
C:\Users\yangluwei\source\repos\calendar\x64\Debug\\translations\qtwebengine_locales\zh-TW.pak
